<?xml version="1.0" encoding="UTF-8"?>
<!-- Generated by org.testng.reporters.JUnitReportReporter -->
<testsuite skipped="0" hostname="MSI" name="uiTests.LoginTests" tests="2" failures="0" timestamp="2020-07-10T21:02:49 EDT" time="6.527" errors="0">
  <testcase name="testCase1" time="0.101" classname="uiTests.LoginTests"/>
  <system-out/>
  <testcase name="googleSearch" time="6.426" classname="uiTests.LoginTests"/>
  <system-out/>
</testsuite> <!-- uiTests.LoginTests -->
